[Solid] [15:33:48] Please select the Stair and the Upper Floor (in any order).
[Solid] [15:33:49] Note: Legacy Stair detected. Using main element geometry.
[Solid] [15:33:49] Highest Run found: ID 147599
[Solid] [15:33:49] Calculating points...
[Solid] [15:33:50] Success: Gap filled with Adaptive Component. ID: 156472
[Solid] [15:33:50] Success: Gap Filler Created and Selected. (ID: 156472)
[Solid] [15:50:46] Please select the Stair and the Upper Floor (in any order).
[Solid] [15:50:47] Note: Legacy Stair detected. Using main element geometry.
[Solid] [15:50:47] Highest Run found: ID 147599
[Solid] [15:50:47] Calculating points...
[Solid] [15:50:48] Success: Gap filled with Adaptive Component. ID: 156186
[Solid] [15:50:48] Success: Gap Filler Created and Selected. (ID: 156186)
[Solid] [15:50:58] Please select the Stair and the Upper Floor (in any order).
[Solid] [15:50:59] Note: Legacy Stair detected. Using main element geometry.
[Solid] [15:50:59] Highest Run found: ID 146749
[Solid] [15:50:59] Calculating points...
[Solid] [15:50:59] Success: Gap filled with Adaptive Component. ID: 156207
[Solid] [15:50:59] Success: Gap Filler Created and Selected. (ID: 156207)
[Solid] [15:57:45] Please select the Stair and the Upper Floor (in any order).
[Solid] [15:57:50] Note: Legacy Stair detected. Using main element geometry.
[Solid] [15:57:50] Highest Run found: ID 146749
[Solid] [15:57:50] Calculating points...
[Solid] [15:57:50] Success: Gap filled with Adaptive Component. ID: 156307
[Solid] [15:57:50] Success: Gap Filler Created and Selected. (ID: 156307)
[Solid] [15:57:50] Please select the Stair and the Upper Floor (in any order).
[Solid] [15:57:55] Note: Legacy Stair detected. Using main element geometry.
[Solid] [15:57:55] Highest Run found: ID 147599
[Solid] [15:57:55] Calculating points...
[Solid] [15:57:55] Success: Gap filled with Adaptive Component. ID: 156322
[Solid] [15:57:56] Success: Gap Filler Created and Selected. (ID: 156322)
[Solid] [15:57:56] Please select the Stair and the Upper Floor (in any order).
[Solid] [09:37:01] Please select the Stair and the Upper Floor (in any order).
[Solid] [09:37:03] Note: Legacy Stair detected. Using main element geometry.
[Solid] [09:37:03] Highest Run found: ID 146749
[Solid] [09:37:03] Calculating points...
[Solid] [09:37:03] Success: Gap filled with Adaptive Component. ID: 156213
[Solid] [09:37:03] Success: Gap Filler Created and Selected. (ID: 156213)
[Solid] [09:37:03] Please select the Stair and the Upper Floor (in any order).
[Solid] [12:02:40] Please select the Stair and the Upper Floor (in any order).
[Solid] [12:02:43] >> Floor Selected: 150mm Foundation Slab (ID: 1696014)
[Solid] [12:02:43] Note: Legacy Stair detected. Using main element geometry.
[Solid] [12:02:43] Highest Run found: ID 1696020
[Solid] [12:02:43] Found Material on Run Instance: Steel, Paint Finish, Dark Gray
[Solid] [12:02:43] Applying Stair Material: Steel, Paint Finish, Dark Gray
[Solid] [12:02:43] Calculating points...
[Solid] [12:02:43] Slope ray missed. Trying Horizontal logic...
[Solid] [12:02:43] Error: Ray projection missed.
[Solid] [12:02:43] Please select the Stair and the Upper Floor (in any order).
[Solid] [12:22:54] Please select the Stair and the Upper Floor (in any order).
[Solid] [13:32:30] Please select the Stair and the Upper Floor (in any order).
[Solid] [13:32:44] Please select the Stair and the Upper Floor (in any order).
[Solid] [13:33:10] Note: Legacy Stair detected. Using main element geometry.
[Solid] [13:33:10] Highest Run found: ID 146749
[Solid] [13:33:10] Calculating points...
[Solid] [13:33:10] Success: Gap filled with Adaptive Component. ID: 156186
[Solid] [13:33:10] Success: Gap Filler Created and Selected. (ID: 156186)
[Solid] [13:33:10] Please select the Stair and the Upper Floor (in any order).
[Solid] [13:42:22] Please select the Stair and the Upper Floor (in any order).
[Solid] [13:43:41] Please select the Stair and the Upper Floor (in any order).
[Solid] [13:43:42] Note: Legacy Stair detected. Using main element geometry.
[Solid] [13:43:42] Highest Run found: ID 146749
[Solid] [13:43:42] Calculating points...
[Solid] [13:43:42] Success: Gap filled with Adaptive Component. ID: 156219
[Solid] [13:43:42] Success: Gap Filler Created and Selected. (ID: 156219)
[Solid] [13:43:42] Please select the Stair and the Upper Floor (in any order).
[Solid] [14:08:22] Please select the Stair and the Upper Floor (in any order).
[Solid] [15:39:50] Please select the Stair and the Upper Floor (in any order).
