[Void] [15:52:20] === Stair Gap Void Mode ===
[Void] [15:52:20] Please select Stair and Upper Floor (Any Order).
[Void] [15:52:22] Analyzing Geometry...
[Void] [15:52:22] Recovered Left Vertical Point using Slope Z
[Void] [15:52:22] Recovered Right Vertical Point using Slope Z
[Void] [15:52:22] Success: Void Geometry Created. ID: 156229
[Void] [15:52:22] Success: Floor Cut with Void.
[Void] [15:52:22] Success: Void Created and Selected. (ID: 156229)
[Void] [15:52:39] === Stair Gap Void Mode ===
[Void] [15:52:39] Please select Stair and Upper Floor (Any Order).
[Void] [15:52:41] Analyzing Geometry...
[Void] [15:52:41] Recovered Left Vertical Point using Slope Z
[Void] [15:52:41] Recovered Right Vertical Point using Slope Z
[Void] [15:52:41] Success: Void Geometry Created. ID: 156268
[Void] [15:52:41] Success: Floor Cut with Void.
[Void] [15:52:41] Success: Void Created and Selected. (ID: 156268)
[Void] [09:28:56] === Stair Gap Void Mode ===
[Void] [09:28:56] Please select Stair and Upper Floor (Any Order, ESC to Exit).
[Void] [09:28:57] Analyzing Geometry...
[Void] [09:28:57] Recovered Left Vertical Point using Slope Z
[Void] [09:28:57] Recovered Right Vertical Point using Slope Z
[Void] [09:28:57] Success: Void Geometry Created. ID: 156186
[Void] [09:28:57] Success: Floor Cut with Void.
[Void] [09:28:57] Success: Void Created and Selected. (ID: 156186)
[Void] [09:28:57] === Stair Gap Void Mode ===
[Void] [09:28:57] Please select Stair and Upper Floor (Any Order, ESC to Exit).
[Void] [12:03:07] === Stair Gap Void Mode ===
[Void] [12:03:07] Please select Stair and Upper Floor (Any Order, ESC to Exit).
[Void] [12:03:08] Analyzing Geometry...
[Void] [12:03:08] Recovered Left Vertical Point using Slope Z
[Void] [12:03:08] Recovered Right Vertical Point using Slope Z
[Void] [12:03:09] Success: Void Geometry Created. ID: 156186
[Void] [12:03:09] Success: Floor Cut with Void.
[Void] [12:03:09] Success: Void Created and Selected. (ID: 156186)
[Void] [12:03:09] === Stair Gap Void Mode ===
[Void] [12:03:09] Please select Stair and Upper Floor (Any Order, ESC to Exit).
[Void] [14:00:54] === Stair Gap Void Mode ===
[Void] [14:00:54] Please select Stair and Upper Floor (Any Order, ESC to Exit).
[Void] [14:01:17] === Stair Gap Void Mode ===
[Void] [14:01:17] Please select Stair and Upper Floor (Any Order, ESC to Exit).
[Void] [14:03:52] Analyzing Geometry...
[Void] [14:03:52] Recovered Left Vertical Point using Slope Z
[Void] [14:03:52] Recovered Right Vertical Point using Slope Z
[Void] [14:03:52] Success: Void Geometry Created. ID: 156246
[Void] [14:03:52] Success: Floor Cut with Void.
[Void] [14:03:52] Success: Void Created and Selected. (ID: 156246)
[Void] [14:03:52] === Stair Gap Void Mode ===
[Void] [14:03:52] Please select Stair and Upper Floor (Any Order, ESC to Exit).
[Void] [14:07:21] === Stair Gap Void Mode ===
[Void] [14:07:21] Please select Stair and Upper Floor (Any Order, ESC to Exit).
[Void] [14:09:42] === Stair Gap Void Mode ===
[Void] [14:09:42] Please select Stair and Upper Floor (Any Order, ESC to Exit).
[Void] [14:09:56] Analyzing Geometry...
[Void] [14:09:56] Recovered Left Vertical Point using Slope Z
[Void] [14:09:56] Recovered Right Vertical Point using Slope Z
[Void] [14:09:57] Success: Void Geometry Created. ID: 156267
[Void] [14:09:57] Success: Floor Cut with Void.
[Void] [14:09:57] Success: Void Created and Selected. (ID: 156267)
[Void] [14:09:57] === Stair Gap Void Mode ===
[Void] [14:09:57] Please select Stair and Upper Floor (Any Order, ESC to Exit).
[Void] [14:38:43] === Stair Gap Void Mode ===
[Void] [14:38:43] Please select Stair and Upper Floor (Any Order, ESC to Exit).
[Void] [14:38:45] Analyzing Geometry...
[Void] [14:38:45] Recovered Left Vertical Point using Slope Z
[Void] [14:38:45] Recovered Right Vertical Point using Slope Z
[Void] [14:38:45] Success: Void Geometry Created. ID: 156306
[Void] [14:38:45] Success: Floor Cut with Void.
[Void] [14:38:45] Success: Void Created and Selected. (ID: 156306)
[Void] [14:38:45] === Stair Gap Void Mode ===
[Void] [14:38:45] Please select Stair and Upper Floor (Any Order, ESC to Exit).
[Void] [15:40:14] === Stair Gap Void Mode ===
[Void] [15:40:14] Please select Stair and Upper Floor (Any Order, ESC to Exit).
